#
# There is insufficient memory for the Java Runtime Environment to continue.
# Native memory allocation (mmap) failed to map 65011712 bytes for G1 virtual space
# Possible reasons:
#   The system is out of physical RAM or swap space
#   The process is running with CompressedOops enabled, and the Java Heap may be blocking the growth of the native heap
# Possible solutions:
#   Reduce memory load on the system
#   Increase physical memory or swap space
#   Check if swap backing store is full
#   Decrease Java heap size (-Xmx/-Xms)
#   Decrease number of Java threads
#   Decrease Java thread stack sizes (-Xss)
#   Set larger code cache with -XX:ReservedCodeCacheSize=
#   JVM is running with Unscaled Compressed Oops mode in which the Java heap is
#     placed in the first 4GB address space. The Java Heap base address is the
#     maximum limit for the native heap growth. Please use -XX:HeapBaseMinAddress
#     to set the Java Heap base and to place the Java Heap above 4GB virtual address.
# This output file may be truncated or incomplete.
#
#  Out of Memory Error (os_windows.cpp:3613), pid=13464, tid=16208
#
# JRE version:  (17.0.10+7) (build )
# Java VM: OpenJDK 64-Bit Server VM (17.0.10+7-LTS, mixed mode, sharing, tiered, compressed oops, compressed class ptrs, g1 gc, windows-amd64)
# No core dump will be written. Minidumps are not enabled by default on client versions of Windows
#

---------------  S U M M A R Y ------------

Command Line: -javaagent:C:\Program Files\JetBrains\IntelliJ IDEA Community Edition 2024.1\lib\idea_rt.jar=8717:C:\Program Files\JetBrains\IntelliJ IDEA Community Edition 2024.1\bin -Dfile.encoding=UTF-8 edu.icet.demo.Main

Host: Intel(R) Core(TM) i3-8130U CPU @ 2.20GHz, 4 cores, 3G,  Windows 10 , 64 bit Build 19041 (10.0.19041.3636)
Time: Sat Jun  1 05:39:02 2024 Sri Lanka Standard Time elapsed time: 0.023775 seconds (0d 0h 0m 0s)

---------------  T H R E A D  ---------------

Current thread (0x000001569cb6bae0):  JavaThread "Unknown thread" [_thread_in_vm, id=16208, stack(0x0000005332600000,0x0000005332700000)]

Stack: [0x0000005332600000,0x0000005332700000]
Native frames: (J=compiled Java code, j=interpreted, Vv=VM code, C=native code)
V  [jvm.dll+0x67d2c9]
V  [jvm.dll+0x834b1a]
V  [jvm.dll+0x8365de]
V  [jvm.dll+0x836c43]
V  [jvm.dll+0x2477ff]
V  [jvm.dll+0x67a109]
V  [jvm.dll+0x66eb7a]
V  [jvm.dll+0x30764b]
V  [jvm.dll+0x30eaf6]
V  [jvm.dll+0x35e83e]
V  [jvm.dll+0x35ea6f]
V  [jvm.dll+0x2de248]
V  [jvm.dll+0x2df1b4]
V  [jvm.dll+0x806381]
V  [jvm.dll+0x36c6f1]
V  [jvm.dll+0x7e4e26]
V  [jvm.dll+0x3eff3f]
V  [jvm.dll+0x3f1b71]
C  [jli.dll+0x528f]
C  [ucrtbase.dll+0x21bb2]
C  [KERNEL32.DLL+0x17344]
C  [ntdll.dll+0x526b1]


---------------  P R O C E S S  ---------------

Threads class SMR info:
_java_thread_list=0x00007ff96110ee98, length=0, elements={
}

Java Threads: ( => current thread )

Other Threads:
  0x000001569cba5ea0 GCTaskThread "GC Thread#0" [stack: 0x0000005332700000,0x0000005332800000] [id=6592]
  0x000001569cbae9f0 ConcurrentGCThread "G1 Main Marker" [stack: 0x0000005332800000,0x0000005332900000] [id=16044]
  0x000001569cbaf410 ConcurrentGCThread "G1 Conc#0" [stack: 0x0000005332900000,0x0000005332a00000] [id=10984]

[error occurred during error reporting (printing all threads), id 0xc0000005, EXCEPTION_ACCESS_VIOLATION (0xc0000005) at pc=0x00007ff9608cec87]

VM state: not at safepoint (not fully initialized)

VM Mutex/Monitor currently owned by a thread:  ([mutex/lock_event])
[0x000001569cb668d0] Heap_lock - owner thread: 0x000001569cb6bae0

Heap address: 0x00000000c2000000, size: 992 MB, Compressed Oops mode: 32-bit

CDS archive(s) mapped at: [0x0000000000000000-0x0000000000000000-0x0000000000000000), size 0, SharedBaseAddress: 0x0000000800000000, ArchiveRelocationMode: 1.
Narrow klass base: 0x0000000000000000, Narrow klass shift: 0, Narrow klass range: 0x0

GC Precious Log:
<Empty>

Heap:
 garbage-first heap   total 0K, used 0K [0x00000000c2000000, 0x0000000100000000)
  region size 1024K, 0 young (0K), 0 survivors (0K)

[error occurred during error reporting (printing heap information), id 0xc0000005, EXCEPTION_ACCESS_VIOLATION (0xc0000005) at pc=0x00007ff960cb6fb9]

GC Heap History (0 events):
No events

Dll operation events (1 events):
Event: 0.016 Loaded shared library C:\Users\Ravindu Haputhanthri\.jdks\corretto-17.0.10\bin\java.dll

Deoptimization events (0 events):
No events

Classes unloaded (0 events):
No events

Classes redefined (0 events):
No events

Internal exceptions (0 events):
No events

VM Operations (0 events):
No events

Events (0 events):
No events


Dynamic libraries:
0x00007ff7c30a0000 - 0x00007ff7c30ae000 	C:\Users\Ravindu Haputhanthri\.jdks\corretto-17.0.10\bin\java.exe
0x00007ff9d1690000 - 0x00007ff9d1888000 	C:\Windows\SYSTEM32\ntdll.dll
0x00007ff9cf850000 - 0x00007ff9cf90d000 	C:\Windows\System32\KERNEL32.DLL
0x00007ff9cf3c0000 - 0x00007ff9cf6b6000 	C:\Windows\System32\KERNELBASE.dll
0x00007ff9cf070000 - 0x00007ff9cf170000 	C:\Windows\System32\ucrtbase.dll
0x00007ff9c82e0000 - 0x00007ff9c82f7000 	C:\Users\Ravindu Haputhanthri\.jdks\corretto-17.0.10\bin\jli.dll
0x00007ff9d0a50000 - 0x00007ff9d0bef000 	C:\Windows\System32\USER32.dll
0x00007ff9cefd0000 - 0x00007ff9ceff2000 	C:\Windows\System32\win32u.dll
0x00007ff9d0090000 - 0x00007ff9d00bb000 	C:\Windows\System32\GDI32.dll
0x00007ff9cf170000 - 0x00007ff9cf287000 	C:\Windows\System32\gdi32full.dll
0x00007ff9cf320000 - 0x00007ff9cf3bd000 	C:\Windows\System32\msvcp_win.dll
0x00007ff9c82c0000 - 0x00007ff9c82db000 	C:\Users\Ravindu Haputhanthri\.jdks\corretto-17.0.10\bin\VCRUNTIME140.dll
0x00007ff9bf420000 - 0x00007ff9bf6ba000 	C:\Windows\WinSxS\amd64_microsoft.windows.common-controls_6595b64144ccf1df_6.0.19041.4355_none_60b8b9eb71f62e16\COMCTL32.dll
0x00007ff9cf750000 - 0x00007ff9cf7ee000 	C:\Windows\System32\msvcrt.dll
0x00007ff9d10c0000 - 0x00007ff9d10f2000 	C:\Windows\System32\IMM32.DLL
0x00007ff99c810000 - 0x00007ff99c81c000 	C:\Users\Ravindu Haputhanthri\.jdks\corretto-17.0.10\bin\vcruntime140_1.dll
0x00007ff9773a0000 - 0x00007ff97742d000 	C:\Users\Ravindu Haputhanthri\.jdks\corretto-17.0.10\bin\msvcp140.dll
0x00007ff9605e0000 - 0x00007ff961242000 	C:\Users\Ravindu Haputhanthri\.jdks\corretto-17.0.10\bin\server\jvm.dll
0x00007ff9d11e0000 - 0x00007ff9d1290000 	C:\Windows\System32\ADVAPI32.dll
0x00007ff9d04e0000 - 0x00007ff9d0580000 	C:\Windows\System32\sechost.dll
0x00007ff9d14a0000 - 0x00007ff9d15c3000 	C:\Windows\System32\RPCRT4.dll
0x00007ff9ced90000 - 0x00007ff9cedb7000 	C:\Windows\System32\bcrypt.dll
0x00007ff9ceb90000 - 0x00007ff9cebdb000 	C:\Windows\SYSTEM32\POWRPROF.dll
0x00007ff9b8ee0000 - 0x00007ff9b8ee9000 	C:\Windows\SYSTEM32\WSOCK32.dll
0x00007ff9d15e0000 - 0x00007ff9d164b000 	C:\Windows\System32\WS2_32.dll
0x00007ff9bf240000 - 0x00007ff9bf267000 	C:\Windows\SYSTEM32\WINMM.dll
0x00007ff9c8210000 - 0x00007ff9c821a000 	C:\Windows\SYSTEM32\VERSION.dll
0x00007ff9ceb70000 - 0x00007ff9ceb82000 	C:\Windows\SYSTEM32\UMPDC.dll
0x00007ff9cd550000 - 0x00007ff9cd562000 	C:\Windows\SYSTEM32\kernel.appcore.dll
0x00007ff99c6f0000 - 0x00007ff99c6fa000 	C:\Users\Ravindu Haputhanthri\.jdks\corretto-17.0.10\bin\jimage.dll
0x00007ff9ccaa0000 - 0x00007ff9ccc84000 	C:\Windows\SYSTEM32\DBGHELP.DLL
0x00007ff9b9430000 - 0x00007ff9b9464000 	C:\Windows\SYSTEM32\dbgcore.DLL
0x00007ff9cf290000 - 0x00007ff9cf312000 	C:\Windows\System32\bcryptPrimitives.dll
0x00007ff9c8550000 - 0x00007ff9c855e000 	C:\Users\Ravindu Haputhanthri\.jdks\corretto-17.0.10\bin\instrument.dll
0x00007ff9966c0000 - 0x00007ff9966e5000 	C:\Users\Ravindu Haputhanthri\.jdks\corretto-17.0.10\bin\java.dll

dbghelp: loaded successfully - version: 4.0.5 - missing functions: none
symbol engine: initialized successfully - sym options: 0x614 - pdb path: .;C:\Users\Ravindu Haputhanthri\.jdks\corretto-17.0.10\bin;C:\Windows\SYSTEM32;C:\Windows\WinSxS\amd64_microsoft.windows.common-controls_6595b64144ccf1df_6.0.19041.4355_none_60b8b9eb71f62e16;C:\Users\Ravindu Haputhanthri\.jdks\corretto-17.0.10\bin\server

VM Arguments:
jvm_args: -javaagent:C:\Program Files\JetBrains\IntelliJ IDEA Community Edition 2024.1\lib\idea_rt.jar=8717:C:\Program Files\JetBrains\IntelliJ IDEA Community Edition 2024.1\bin -Dfile.encoding=UTF-8 
java_command: edu.icet.demo.Main
java_class_path (initial): D:\Documents\Self Learning Courses\iCM-106-iCET\Modules\06-Advance Web Application Development\Demo Projects\Day 11\product-backend\target\classes;C:\Users\Ravindu Haputhanthri\.m2\repository\org\springframework\boot\spring-boot-starter-web\3.3.0\spring-boot-starter-web-3.3.0.jar;C:\Users\Ravindu Haputhanthri\.m2\repository\org\springframework\boot\spring-boot-starter\3.3.0\spring-boot-starter-3.3.0.jar;C:\Users\Ravindu Haputhanthri\.m2\repository\org\springframework\boot\spring-boot\3.3.0\spring-boot-3.3.0.jar;C:\Users\Ravindu Haputhanthri\.m2\repository\org\springframework\boot\spring-boot-autoconfigure\3.3.0\spring-boot-autoconfigure-3.3.0.jar;C:\Users\Ravindu Haputhanthri\.m2\repository\org\springframework\boot\spring-boot-starter-logging\3.3.0\spring-boot-starter-logging-3.3.0.jar;C:\Users\Ravindu Haputhanthri\.m2\repository\ch\qos\logback\logback-classic\1.5.6\logback-classic-1.5.6.jar;C:\Users\Ravindu Haputhanthri\.m2\repository\ch\qos\logback\logback-core\1.5.6\logback-core-1.5.6.jar;C:\Users\Ravindu Haputhanthri\.m2\repository\org\apache\logging\log4j\log4j-to-slf4j\2.23.1\log4j-to-slf4j-2.23.1.jar;C:\Users\Ravindu Haputhanthri\.m2\repository\org\apache\logging\log4j\log4j-api\2.23.1\log4j-api-2.23.1.jar;C:\Users\Ravindu Haputhanthri\.m2\repository\org\slf4j\jul-to-slf4j\2.0.13\jul-to-slf4j-2.0.13.jar;C:\Users\Ravindu Haputhanthri\.m2\repository\jakarta\annotation\jakarta.annotation-api\2.1.1\jakarta.annotation-api-2.1.1.jar;C:\Users\Ravindu Haputhanthri\.m2\repository\org\springframework\spring-core\6.1.8\spring-core-6.1.8.jar;C:\Users\Ravindu Haputhanthri\.m2\repository\org\springframework\spring-jcl\6.1.8\spring-jcl-6.1.8.jar;C:\Users\Ravindu Haputhanthri\.m2\repository\org\yaml\snakeyaml\2.2\snakeyaml-2.2.jar;C:\Users\Ravindu Haputhanthri\.m2\repository\org\springframework\boot\spring-boot-starter-json\3.3.0\spring-boot-starter-json-3.3.0.jar;C:\Users\Ravindu Haputhanthri\.m2\repository\com\fasterxml\jackson\core\jackson-dat
Launcher Type: SUN_STANDARD

[Global flags]
     intx CICompilerCount                          = 3                                         {product} {ergonomic}
     uint ConcGCThreads                            = 1                                         {product} {ergonomic}
     uint G1ConcRefinementThreads                  = 4                                         {product} {ergonomic}
   size_t G1HeapRegionSize                         = 1048576                                   {product} {ergonomic}
    uintx GCDrainStackTargetSize                   = 64                                        {product} {ergonomic}
   size_t InitialHeapSize                          = 65011712                                  {product} {ergonomic}
   size_t MarkStackSize                            = 4194304                                   {product} {ergonomic}
   size_t MaxHeapSize                              = 1040187392                                {product} {ergonomic}
   size_t MinHeapDeltaBytes                        = 1048576                                   {product} {ergonomic}
   size_t MinHeapSize                              = 8388608                                   {product} {ergonomic}
    uintx NonNMethodCodeHeapSize                   = 5832780                                {pd product} {ergonomic}
    uintx NonProfiledCodeHeapSize                  = 122912730                              {pd product} {ergonomic}
    uintx ProfiledCodeHeapSize                     = 122912730                              {pd product} {ergonomic}
    uintx ReservedCodeCacheSize                    = 251658240                              {pd product} {ergonomic}
     bool SegmentedCodeCache                       = true                                      {product} {ergonomic}
   size_t SoftMaxHeapSize                          = 1040187392                             {manageable} {ergonomic}
     bool UseCompressedClassPointers               = true                           {product lp64_product} {ergonomic}
     bool UseCompressedOops                        = true                           {product lp64_product} {ergonomic}
     bool UseG1GC                                  = true                                      {product} {ergonomic}
     bool UseLargePagesIndividualAllocation        = false                                  {pd product} {ergonomic}

Logging:
Log output configuration:
 #0: stdout all=warning uptime,level,tags
 #1: stderr all=off uptime,level,tags

Environment Variables:
PATH=C:\Program Files\Java\jdk-11\bin;C:\Program Files (x86)\Common Files\Oracle\Java\java8path;C:\Program Files (x86)\Common Files\Oracle\Java\javapath;C:\Program Files\Java\jdk1.8.0_202\bin;D:\Softwares\Oracle\WINDOWS.X64_193000_db_home\bin;C:\Oracle\WINDOWS.X64_193000_db_home\bin;C:\Windows\system32;C:\Windows;C:\Windows\System32\Wbem;C:\Windows\System32\WindowsPowerShell\v1.0\;C:\Windows\System32\OpenSSH\;C:\ProgramData\chocolatey\bin;C:\Program Files\dotnet\;C:\Program Files (x86)\Microsoft SQL Server\160\DTS\Binn\;C:\Program Files\Azure Data Studio\bin;C:\Program Files (x86)\Microsoft SQL Server\160\Tools\Binn\;C:\Program Files\Microsoft SQL Server\160\Tools\Binn\;C:\Program Files\Microsoft SQL Server\Client SDK\ODBC\170\Tools\Binn\;C:\Program Files\Microsoft SQL Server\160\DTS\Binn\;C:\Program Files (x86)\Microsoft SQL Server\150\Tools\Binn\;C:\Program Files\Microsoft SQL Server\150\Tools\Binn\;C:\Program Files\Microsoft SQL Server\150\DTS\Binn\;C:\Program Files\MySQL\MySQL Server 8.0\bin;C:\Program Files\Git\cmd;C:\Program Files\nodejs\;C:\Users\Ravindu Haputhanthri\AppData\Local\Microsoft\WindowsApps;;C:\Program Files\JetBrains\IntelliJ IDEA Community Edition 2024.1\bin;;C:\Program Files\JetBrains\PyCharm Community Edition 2022.1\bin;;C:\Users\Ravindu Haputhanthri\AppData\Local\Programs\Microsoft VS Code\bin;C:\Users\Ravindu Haputhanthri\.dotnet\tools;C:\Program Files\Azure Data Studio\bin;C:\Program Files\JetBrains\IntelliJ IDEA 2023.3.2\bin;;C:\Users\Ravindu Haputhanthri\AppData\Roaming\npm
USERNAME=Ravindu Haputhanthri
OS=Windows_NT
PROCESSOR_IDENTIFIER=Intel64 Family 6 Model 142 Stepping 10, GenuineIntel
TMP=C:\Users\RAVIND~1\AppData\Local\Temp
TEMP=C:\Users\RAVIND~1\AppData\Local\Temp



Periodic native trim disabled


---------------  S Y S T E M  ---------------

OS:
 Windows 10 , 64 bit Build 19041 (10.0.19041.3636)
OS uptime: 2 days 12:09 hours

CPU: total 4 (initial active 4) (2 cores per cpu, 2 threads per core) family 6 model 142 stepping 10 microcode 0xec, cx8, cmov, fxsr, ht, mmx, 3dnowpref, sse, sse2, sse3, ssse3, sse4.1, sse4.2, popcnt, lzcnt, tsc, tscinvbit, avx, avx2, aes, erms, clmul, bmi1, bmi2, adx, fma, vzeroupper, clflush, clflushopt
Processor Information for all 4 processors :
  Max Mhz: 2208, Current Mhz: 2208, Mhz Limit: 2208

Memory: 4k page, system-wide physical 3960M (176M free)
TotalPageFile size 16248M (AvailPageFile size 24M)
current process WorkingSet (physical memory assigned to process): 10M, peak: 10M
current process commit charge ("private bytes"): 51M, peak: 113M

vm_info: OpenJDK 64-Bit Server VM (17.0.10+7-LTS) for windows-amd64 JRE (17.0.10+7-LTS), built on Jan 10 2024 22:11:07 by "Administrator" with MS VC++ 16.10 / 16.11 (VS2019)

END.
